0 info it worked if it ends with ok
1 verbose cli [ '/usr/local/Cellar/node/6.6.0/bin/node',
1 verbose cli   '/usr/local/bin/npm',
1 verbose cli   'start' ]
2 info using npm@3.10.7
3 info using node@v6.6.0
4 verbose run-script [ 'prestart', 'start', 'poststart' ]
5 info lifecycle react-redux-worker@~prestart: react-redux-worker@
6 silly lifecycle react-redux-worker@~prestart: no script for prestart, continuing
7 info lifecycle react-redux-worker@~start: react-redux-worker@
8 verbose lifecycle react-redux-worker@~start: unsafe-perm in lifecycle true
9 verbose lifecycle react-redux-worker@~start: PATH: /usr/local/lib/node_modules/npm/bin/node-gyp-bin:/Users/rq/Desktop/javascript学习/react-redux-test/workers/node_modules/.bin:/usr/local/Cellar/node/6.6.0/bin:/usr/local/bin:/usr/bin:/bin:/usr/sbin:/sbin:/Applications/Postgres.app/Contents/Versions/9.4/bin
10 verbose lifecycle react-redux-worker@~start: CWD: /Users/rq/Desktop/javascript学习/react-redux-test/workers
11 silly lifecycle react-redux-worker@~start: Args: [ '-c', 'node index.js' ]
12 silly lifecycle react-redux-worker@~start: Returned: code: 1  signal: null
13 info lifecycle react-redux-worker@~start: Failed to exec start script
14 verbose stack Error: react-redux-worker@ start: `node index.js`
14 verbose stack Exit status 1
14 verbose stack     at EventEmitter.<anonymous> (/usr/local/lib/node_modules/npm/lib/utils/lifecycle.js:255:16)
14 verbose stack     at emitTwo (events.js:106:13)
14 verbose stack     at EventEmitter.emit (events.js:191:7)
14 verbose stack     at ChildProcess.<anonymous> (/usr/local/lib/node_modules/npm/lib/utils/spawn.js:40:14)
14 verbose stack     at emitTwo (events.js:106:13)
14 verbose stack     at ChildProcess.emit (events.js:191:7)
14 verbose stack     at maybeClose (internal/child_process.js:877:16)
14 verbose stack     at Process.ChildProcess._handle.onexit (internal/child_process.js:226:5)
15 verbose pkgid react-redux-worker@
16 verbose cwd /Users/rq/Desktop/javascript学习/react-redux-test/workers
17 error Darwin 15.5.0
18 error argv "/usr/local/Cellar/node/6.6.0/bin/node" "/usr/local/bin/npm" "start"
19 error node v6.6.0
20 error npm  v3.10.7
21 error code ELIFECYCLE
22 error react-redux-worker@ start: `node index.js`
22 error Exit status 1
23 error Failed at the react-redux-worker@ start script 'node index.js'.
23 error Make sure you have the latest version of node.js and npm installed.
23 error If you do, this is most likely a problem with the react-redux-worker package,
23 error not with npm itself.
23 error Tell the author that this fails on your system:
23 error     node index.js
23 error You can get information on how to open an issue for this project with:
23 error     npm bugs react-redux-worker
23 error Or if that isn't available, you can get their info via:
23 error     npm owner ls react-redux-worker
23 error There is likely additional logging output above.
24 verbose exit [ 1, true ]
